<?xml version="1.0" encoding="UTF-8"?>
<testsuite name="com.bridgelabz.linkedlisttest.MyLinkedListTest" tests="1" skipped="0" failures="0" errors="0" timestamp="2021-03-26T06:22:12" hostname="LAPTOP-2B0EPGRS" time="0.049">
  <properties/>
  <testcase name="givenLastElement_WhenDeleted_ShouldPassLinkedListTest()" classname="com.bridgelabz.linkedlisttest.MyLinkedListTest" time="0.049"/>
  <system-out><![CDATA[My Nodes : 56->3070
]]></system-out>
  <system-err><![CDATA[]]></system-err>
</testsuite>
