<?xml version="1.0" encoding="UTF-8"?>
<testsuite name="com.bridgelabz.linkedlisttest.MyLinkedListTest" tests="1" skipped="0" failures="0" errors="0" timestamp="2021-03-28T04:24:32" hostname="LAPTOP-2B0EPGRS" time="0.047">
  <properties/>
  <testcase name="givenElement_WhenSearch_ShouldPassTest()" classname="com.bridgelabz.linkedlisttest.MyLinkedListTest" time="0.047"/>
  <system-out><![CDATA[My Nodes : 56->30->70->20
]]></system-out>
  <system-err><![CDATA[]]></system-err>
</testsuite>
