<?xml version="1.0" encoding="UTF-8"?>
<testsuite name="com.bridgelabz.linkedlisttest.MyLinkedListTest" tests="1" skipped="0" failures="0" errors="0" timestamp="2021-03-26T05:23:18" hostname="LAPTOP-2B0EPGRS" time="0.128">
  <properties/>
  <testcase name="given3Numbers_WhenAppendedToLinkedList_ShouldAddedToLast()" classname="com.bridgelabz.linkedlisttest.MyLinkedListTest" time="0.128"/>
  <system-out><![CDATA[My Nodes : 56->30->70
]]></system-out>
  <system-err><![CDATA[]]></system-err>
</testsuite>
